<?xml version="1.0" encoding="UTF-8"?>
<!-- Generated by org.testng.reporters.JUnitReportReporter -->
<testsuite hostname="Inci-MacBook-Air.local" failures="0" tests="4" name="Main.java.testNGclasses.A1TNGTest" time="0.021" errors="0" timestamp="2020-07-04T21:37:44 CDT" skipped="0">
  <testcase classname="Main.java.testNGclasses.A1TNGTest" name="test1" time="0.012"/>
  <system-out/>
  <testcase classname="Main.java.testNGclasses.A1TNGTest" name="test2" time="0.000"/>
  <system-out/>
  <testcase classname="Main.java.testNGclasses.A1TNGTest" name="test4" time="0.008"/>
  <system-out/>
  <testcase classname="Main.java.testNGclasses.A1TNGTest" name="test3" time="0.001"/>
  <system-out/>
</testsuite> <!-- Main.java.testNGclasses.A1TNGTest -->
